<?xml version="1.0" encoding="UTF-8"?>
<!-- Generated by org.testng.reporters.JUnitXMLReporter -->
<testsuite ignored="16" hostname="Mac1s-MacBook-Pro.local" failures="0" tests="9" name="Test" time="471.612" errors="0" timestamp="2023-12-06T12:03:27 WIB">
  <testcase classname="org.Testcase.Visitor.TC_Register_phone" name="TCRegisterBerhasil" time="25.822"/>
  <testcase classname="org.Testcase.Visitor.TestCase07" name="TC7" time="24.596"/>
  <testcase classname="org.Testcase.Visitor.TestCase02" name="TC2" time="30.04"/>
  <testcase classname="org.Testcase.Visitor.TestCase10" name="TC10" time="54.266"/>
  <testcase classname="org.Testcase.Visitor.TestCase11" name="TC11" time="38.35"/>
  <testcase classname="org.Testcase.Visitor.TestCase12" name="TC12" time="30.995"/>
  <testcase classname="org.Testcase.Visitor.TestCase13" name="TC13" time="38.977"/>
  <testcase classname="org.Testcase.Visitor.TestCase14" name="TC14" time="39.076"/>
  <testcase classname="org.Testcase.Visitor.TestCase15" name="TC15" time="31.941"/>
  <testcase classname="org.DeviceManager.IOSDriverManager" name="@AfterTest tearDown" time="0.0">
    <ignored/>
  </testcase> <!-- @AfterTest tearDown -->
  <testcase classname="org.DeviceManager.IOSDriverManager" name="@AfterTest tearDown" time="0.0">
    <ignored/>
  </testcase> <!-- @AfterTest tearDown -->
  <testcase classname="org.DeviceManager.IOSDriverManager" name="@AfterTest tearDown" time="0.0">
    <ignored/>
  </testcase> <!-- @AfterTest tearDown -->
  <testcase classname="org.DeviceManager.IOSDriverManager" name="@AfterTest tearDown" time="0.0">
    <ignored/>
  </testcase> <!-- @AfterTest tearDown -->
  <testcase classname="org.DeviceManager.IOSDriverManager" name="@AfterTest tearDown" time="0.0">
    <ignored/>
  </testcase> <!-- @AfterTest tearDown -->
  <testcase classname="org.DeviceManager.IOSDriverManager" name="@AfterTest tearDown" time="0.0">
    <ignored/>
  </testcase> <!-- @AfterTest tearDown -->
  <testcase classname="org.DeviceManager.IOSDriverManager" name="@AfterTest tearDown" time="0.0">
    <ignored/>
  </testcase> <!-- @AfterTest tearDown -->
  <testcase classname="org.DeviceManager.IOSDriverManager" name="@AfterTest tearDown" time="0.0">
    <ignored/>
  </testcase> <!-- @AfterTest tearDown -->
  <testcase classname="org.DeviceManager.IOSDriverManager" name="@BeforeTest setup" time="0.0">
    <ignored/>
  </testcase> <!-- @BeforeTest setup -->
  <testcase classname="org.DeviceManager.IOSDriverManager" name="@BeforeTest setup" time="0.0">
    <ignored/>
  </testcase> <!-- @BeforeTest setup -->
  <testcase classname="org.DeviceManager.IOSDriverManager" name="@BeforeTest setup" time="0.0">
    <ignored/>
  </testcase> <!-- @BeforeTest setup -->
  <testcase classname="org.DeviceManager.IOSDriverManager" name="@BeforeTest setup" time="0.0">
    <ignored/>
  </testcase> <!-- @BeforeTest setup -->
  <testcase classname="org.DeviceManager.IOSDriverManager" name="@BeforeTest setup" time="0.0">
    <ignored/>
  </testcase> <!-- @BeforeTest setup -->
  <testcase classname="org.DeviceManager.IOSDriverManager" name="@BeforeTest setup" time="0.0">
    <ignored/>
  </testcase> <!-- @BeforeTest setup -->
  <testcase classname="org.DeviceManager.IOSDriverManager" name="@BeforeTest setup" time="0.0">
    <ignored/>
  </testcase> <!-- @BeforeTest setup -->
  <testcase classname="org.DeviceManager.IOSDriverManager" name="@BeforeTest setup" time="0.0">
    <ignored/>
  </testcase> <!-- @BeforeTest setup -->
</testsuite> <!-- Test -->
