<?xml version="1.0" encoding="UTF-8"?>
<testng-results ignored="0" total="1" passed="1" failed="0" skipped="0">
  <reporter-output>
  </reporter-output>
  <suite started-at="2023-12-13T12:01:17 WIB" name="Default suite" finished-at="2023-12-13T12:01:58 WIB" duration-ms="40454">
    <groups>
    </groups>
    <test started-at="2023-12-13T12:01:17 WIB" name="Default test" finished-at="2023-12-13T12:01:58 WIB" duration-ms="40454">
      <class name="org.visitor.test">
        <test-method is-config="true" signature="setup()[pri:0, instance:org.visitor.test@460ebd80]" started-at="2023-12-13T12:01:17 WIB" name="setup" finished-at="2023-12-13T12:01:31 WIB" duration-ms="13446" status="PASS">
          <reporter-output>
          </reporter-output>
        </test-method> <!-- setup -->
        <test-method signature="test1()[pri:0, instance:org.visitor.test@460ebd80]" started-at="2023-12-13T12:01:31 WIB" name="test1" finished-at="2023-12-13T12:01:57 WIB" duration-ms="25795" status="PASS">
          <reporter-output>
          </reporter-output>
        </test-method> <!-- test1 -->
        <test-method is-config="true" signature="tearDown()[pri:0, instance:org.visitor.test@460ebd80]" started-at="2023-12-13T12:01:57 WIB" name="tearDown" finished-at="2023-12-13T12:01:58 WIB" duration-ms="1045" status="PASS">
          <reporter-output>
          </reporter-output>
        </test-method> <!-- tearDown -->
      </class> <!-- org.visitor.test -->
    </test> <!-- Default test -->
  </suite> <!-- Default suite -->
</testng-results>
